1542763396700	geckodriver	INFO	Listening on 127.0.0.1:35879
1542763397761	mozprofile::profile	INFO	Using profile path /tmp/rust_mozprofile.qrK1V6bCSv9z
1542763397762	geckodriver::marionette	INFO	Starting browser /usr/bin/firefox with args []
1542763397777	geckodriver::marionette	INFO	Connecting to Marionette on localhost:36889

(process:108378): GLib-CRITICAL **: g_slice_set_config: assertion 'sys_page_size == 0' failed
Error: no display specified
1542763870099	geckodriver	INFO	Listening on 127.0.0.1:44729
1542763871160	mozprofile::profile	INFO	Using profile path /tmp/rust_mozprofile.p0RiOeVaJiv4
1542763871162	geckodriver::marionette	INFO	Starting browser /usr/bin/firefox with args []
1542763871165	geckodriver::marionette	INFO	Connecting to Marionette on localhost:46081
Error: no DISPLAY environment variable specified
1542764089309	geckodriver	INFO	Listening on 127.0.0.1:38092
1542764090370	mozprofile::profile	INFO	Using profile path /tmp/rust_mozprofile.nR0NuLSwvMza
1542764090371	geckodriver::marionette	INFO	Starting browser /usr/bin/firefox with args []
1542764090374	geckodriver::marionette	INFO	Connecting to Marionette on localhost:60461
Error: no DISPLAY environment variable specified
1542764356189	geckodriver	INFO	Listening on 127.0.0.1:56805
1542764357250	mozprofile::profile	INFO	Using profile path /tmp/rust_mozprofile.XuUVjwrbjB80
1542764357251	geckodriver::marionette	INFO	Starting browser /usr/bin/firefox with args []
1542764357255	geckodriver::marionette	INFO	Connecting to Marionette on localhost:54037
Error: no DISPLAY environment variable specified
1542766163175	geckodriver	INFO	Listening on 127.0.0.1:42657
1542766164238	mozprofile::profile	INFO	Using profile path /tmp/rust_mozprofile.zcayqhbEgGvE
1542766164239	geckodriver::marionette	INFO	Starting browser /usr/bin/firefox with args []
1542766164242	geckodriver::marionette	INFO	Connecting to Marionette on localhost:46311
1542766164649	addons.xpi-utils	WARN	addMetadata: Add-on langpack-en-ZA@firefox.mozilla.org is invalid: Error: Install manifest specifies unknown type: null(resource://gre/modules/addons/XPIInstall.jsm:632:11) JS Stack trace: loadManifestFromRDF@XPIInstall.jsm:632:11
loadFromRDF@XPIInstall.jsm:787:23
awaitPromise@XPIProvider.jsm:190:3
syncLoadManifestFromFile@XPIInstall.jsm:870:10
addMetadata@XPIDatabase.jsm:2395:21
processFileChanges@XPIDatabase.jsm:2736:21
checkForChanges@XPIProvider.jsm:2556:34
startup@XPIProvider.jsm:2134:25
callProvider@AddonManager.jsm:206:12
_startProvider@AddonManager.jsm:654:5
startup@AddonManager.jsm:807:9
startup@AddonManager.jsm:2802:5
observe@addonManager.js:66:9
1542766164649	addons.xpi-utils	WARN	Could not uninstall invalid item from locked install location
1542766164652	addons.xpi-utils	WARN	addMetadata: Add-on langpack-zh-CN@firefox.mozilla.org is invalid: Error: Install manifest specifies unknown type: null(resource://gre/modules/addons/XPIInstall.jsm:632:11) JS Stack trace: loadManifestFromRDF@XPIInstall.jsm:632:11
loadFromRDF@XPIInstall.jsm:787:23
awaitPromise@XPIProvider.jsm:190:3
syncLoadManifestFromFile@XPIInstall.jsm:870:10
addMetadata@XPIDatabase.jsm:2395:21
processFileChanges@XPIDatabase.jsm:2736:21
checkForChanges@XPIProvider.jsm:2556:34
startup@XPIProvider.jsm:2134:25
callProvider@AddonManager.jsm:206:12
_startProvider@AddonManager.jsm:654:5
startup@AddonManager.jsm:807:9
startup@AddonManager.jsm:2802:5
observe@addonManager.js:66:9
1542766164652	addons.xpi-utils	WARN	Could not uninstall invalid item from locked install location
1542766164654	addons.xpi-utils	WARN	addMetadata: Add-on langpack-en-GB@firefox.mozilla.org is invalid: Error: Install manifest specifies unknown type: null(resource://gre/modules/addons/XPIInstall.jsm:632:11) JS Stack trace: loadManifestFromRDF@XPIInstall.jsm:632:11
loadFromRDF@XPIInstall.jsm:787:23
awaitPromise@XPIProvider.jsm:190:3
syncLoadManifestFromFile@XPIInstall.jsm:870:10
addMetadata@XPIDatabase.jsm:2395:21
processFileChanges@XPIDatabase.jsm:2736:21
checkForChanges@XPIProvider.jsm:2556:34
startup@XPIProvider.jsm:2134:25
callProvider@AddonManager.jsm:206:12
_startProvider@AddonManager.jsm:654:5
startup@AddonManager.jsm:807:9
startup@AddonManager.jsm:2802:5
observe@addonManager.js:66:9
1542766164655	addons.xpi-utils	WARN	Could not uninstall invalid item from locked install location

(firefox:111722): GLib-GObject-CRITICAL **: g_object_ref: assertion 'object->ref_count > 0' failed

(firefox:111722): GLib-GObject-CRITICAL **: g_object_unref: assertion 'object->ref_count > 0' failed

(firefox:111722): GLib-GObject-CRITICAL **: g_object_ref: assertion 'object->ref_count > 0' failed

(firefox:111722): GLib-GObject-CRITICAL **: g_object_unref: assertion 'object->ref_count > 0' failed

(firefox:111722): GLib-GObject-CRITICAL **: g_object_ref: assertion 'object->ref_count > 0' failed

(firefox:111722): GLib-GObject-CRITICAL **: g_object_unref: assertion 'object->ref_count > 0' failed

(firefox:111722): GLib-GObject-CRITICAL **: g_object_ref: assertion 'object->ref_count > 0' failed

(firefox:111722): GLib-GObject-CRITICAL **: g_object_unref: assertion 'object->ref_count > 0' failed

(firefox:111722): GLib-GObject-CRITICAL **: g_object_ref: assertion 'object->ref_count > 0' failed

(firefox:111722): GLib-GObject-CRITICAL **: g_object_unref: assertion 'object->ref_count > 0' failed

(firefox:111722): GLib-GObject-CRITICAL **: g_object_ref: assertion 'object->ref_count > 0' failed

(firefox:111722): GLib-GObject-CRITICAL **: g_object_unref: assertion 'object->ref_count > 0' failed

(firefox:111722): GLib-GObject-CRITICAL **: g_object_ref: assertion 'object->ref_count > 0' failed

(firefox:111722): GLib-GObject-CRITICAL **: g_object_unref: assertion 'object->ref_count > 0' failed

(firefox:111722): GLib-GObject-CRITICAL **: g_object_ref: assertion 'object->ref_count > 0' failed

(firefox:111722): GLib-GObject-CRITICAL **: g_object_unref: assertion 'object->ref_count > 0' failed

(firefox:111722): GLib-GObject-CRITICAL **: g_object_ref: assertion 'object->ref_count > 0' failed

(firefox:111722): GLib-GObject-CRITICAL **: g_object_unref: assertion 'object->ref_count > 0' failed

(firefox:111722): GLib-GObject-CRITICAL **: g_object_ref: assertion 'object->ref_count > 0' failed

(firefox:111722): GLib-GObject-CRITICAL **: g_object_unref: assertion 'object->ref_count > 0' failed

(/usr/lib/firefox/firefox:111827): GLib-GObject-CRITICAL **: g_object_ref: assertion 'object->ref_count > 0' failed

(/usr/lib/firefox/firefox:111827): GLib-GObject-CRITICAL **: g_object_unref: assertion 'object->ref_count > 0' failed

(/usr/lib/firefox/firefox:111827): GLib-GObject-CRITICAL **: g_object_ref: assertion 'object->ref_count > 0' failed

(/usr/lib/firefox/firefox:111827): GLib-GObject-CRITICAL **: g_object_unref: assertion 'object->ref_count > 0' failed

(/usr/lib/firefox/firefox:111827): GLib-GObject-CRITICAL **: g_object_ref: assertion 'object->ref_count > 0' failed

(/usr/lib/firefox/firefox:111827): GLib-GObject-CRITICAL **: g_object_unref: assertion 'object->ref_count > 0' failed

(/usr/lib/firefox/firefox:111827): GLib-GObject-CRITICAL **: g_object_ref: assertion 'object->ref_count > 0' failed

(/usr/lib/firefox/firefox:111827): GLib-GObject-CRITICAL **: g_object_unref: assertion 'object->ref_count > 0' failed

(/usr/lib/firefox/firefox:111827): GLib-GObject-CRITICAL **: g_object_ref: assertion 'object->ref_count > 0' failed

(/usr/lib/firefox/firefox:111827): GLib-GObject-CRITICAL **: g_object_unref: assertion 'object->ref_count > 0' failed

(/usr/lib/firefox/firefox:111827): GLib-GObject-CRITICAL **: g_object_ref: assertion 'object->ref_count > 0' failed

(/usr/lib/firefox/firefox:111827): GLib-GObject-CRITICAL **: g_object_unref: assertion 'object->ref_count > 0' failed

(/usr/lib/firefox/firefox:111827): GLib-GObject-CRITICAL **: g_object_ref: assertion 'object->ref_count > 0' failed

(/usr/lib/firefox/firefox:111827): GLib-GObject-CRITICAL **: g_object_unref: assertion 'object->ref_count > 0' failed

(/usr/lib/firefox/firefox:111827): GLib-GObject-CRITICAL **: g_object_ref: assertion 'object->ref_count > 0' failed

(/usr/lib/firefox/firefox:111827): GLib-GObject-CRITICAL **: g_object_unref: assertion 'object->ref_count > 0' failed

(/usr/lib/firefox/firefox:111827): GLib-GObject-CRITICAL **: g_object_ref: assertion 'object->ref_count > 0' failed

(/usr/lib/firefox/firefox:111827): GLib-GObject-CRITICAL **: g_object_unref: assertion 'object->ref_count > 0' failed

(/usr/lib/firefox/firefox:111827): GLib-GObject-CRITICAL **: g_object_ref: assertion 'object->ref_count > 0' failed

(/usr/lib/firefox/firefox:111827): GLib-GObject-CRITICAL **: g_object_unref: assertion 'object->ref_count > 0' failed

(firefox:111722): LIBDBUSMENU-GLIB-WARNING **: Unable to get session bus: 启动命令 dbus-launch --autolaunch=8770784ad5cb75e8b6e0de755a37d59d --binary-syntax --close-stderr 出错： 子进程退出，代码 1

(/usr/lib/firefox/firefox:111853): GLib-GObject-CRITICAL **: g_object_ref: assertion 'object->ref_count > 0' failed

(/usr/lib/firefox/firefox:111853): GLib-GObject-CRITICAL **: g_object_unref: assertion 'object->ref_count > 0' failed

(/usr/lib/firefox/firefox:111853): GLib-GObject-CRITICAL **: g_object_ref: assertion 'object->ref_count > 0' failed

(/usr/lib/firefox/firefox:111853): GLib-GObject-CRITICAL **: g_object_unref: assertion 'object->ref_count > 0' failed

(/usr/lib/firefox/firefox:111853): GLib-GObject-CRITICAL **: g_object_ref: assertion 'object->ref_count > 0' failed

(/usr/lib/firefox/firefox:111853): GLib-GObject-CRITICAL **: g_object_unref: assertion 'object->ref_count > 0' failed

(/usr/lib/firefox/firefox:111853): GLib-GObject-CRITICAL **: g_object_ref: assertion 'object->ref_count > 0' failed

(/usr/lib/firefox/firefox:111853): GLib-GObject-CRITICAL **: g_object_unref: assertion 'object->ref_count > 0' failed

(/usr/lib/firefox/firefox:111853): GLib-GObject-CRITICAL **: g_object_ref: assertion 'object->ref_count > 0' failed

(/usr/lib/firefox/firefox:111853): GLib-GObject-CRITICAL **: g_object_unref: assertion 'object->ref_count > 0' failed

(/usr/lib/firefox/firefox:111853): GLib-GObject-CRITICAL **: g_object_ref: assertion 'object->ref_count > 0' failed

(/usr/lib/firefox/firefox:111853): GLib-GObject-CRITICAL **: g_object_unref: assertion 'object->ref_count > 0' failed

(/usr/lib/firefox/firefox:111853): GLib-GObject-CRITICAL **: g_object_ref: assertion 'object->ref_count > 0' failed

(/usr/lib/firefox/firefox:111853): GLib-GObject-CRITICAL **: g_object_unref: assertion 'object->ref_count > 0' failed

(/usr/lib/firefox/firefox:111853): GLib-GObject-CRITICAL **: g_object_ref: assertion 'object->ref_count > 0' failed

(/usr/lib/firefox/firefox:111853): GLib-GObject-CRITICAL **: g_object_unref: assertion 'object->ref_count > 0' failed

(/usr/lib/firefox/firefox:111853): GLib-GObject-CRITICAL **: g_object_ref: assertion 'object->ref_count > 0' failed

(/usr/lib/firefox/firefox:111853): GLib-GObject-CRITICAL **: g_object_unref: assertion 'object->ref_count > 0' failed

(/usr/lib/firefox/firefox:111853): GLib-GObject-CRITICAL **: g_object_ref: assertion 'object->ref_count > 0' failed

(/usr/lib/firefox/firefox:111853): GLib-GObject-CRITICAL **: g_object_unref: assertion 'object->ref_count > 0' failed
JavaScript error: resource://gre/modules/addons/XPIProvider.jsm, line 2600: TypeError: addon is null
1542766165700	Marionette	FATAL	Remote protocol server failed to start: Error: Could not bind to port 2828 (NS_ERROR_SOCKET_ADDRESS_IN_USE)(chrome://marionette/content/server.js:88:17) JS Stack trace: set acceptConnections@server.js:88:17
start@server.js:119:5
init/<@marionette.js:452:9
JavaScript error: resource://activity-stream/lib/TopSitesFeed.jsm, line 86: TypeError: setting getter-only property "_currentSearchHostname"
JavaScript error: jar:file:///usr/lib/firefox/omni.ja!/components/nsUrlClassifierListManager.js, line 329: NS_ERROR_NOT_INITIALIZED: Component returned failure code: 0xc1f30001 (NS_ERROR_NOT_INITIALIZED) [nsIUrlClassifierDBService.getTables]
JavaScript error: jar:file:///usr/lib/firefox/omni.ja!/components/nsUrlClassifierListManager.js, line 329: NS_ERROR_NOT_INITIALIZED: Component returned failure code: 0xc1f30001 (NS_ERROR_NOT_INITIALIZED) [nsIUrlClassifierDBService.getTables]
[Parent 111722, Gecko_IOThread] WARNING: pipe error (75): 连接被对端重置: file /build/firefox-oGhoBt/firefox-63.0+build2/ipc/chromium/src/chrome/common/ipc_channel_posix.cc, line 356
JavaScript error: resource://gre/modules/Sqlite.jsm, line 841: Error: Connection is not open.

(firefox:111722): GLib-GObject-CRITICAL **: g_object_ref: assertion 'object->ref_count > 0' failed

(firefox:111722): GLib-GObject-CRITICAL **: g_object_unref: assertion 'object->ref_count > 0' failed
JavaScript error: resource://gre/modules/osfile/osfile_async_front.jsm, line 407: Error: OS.File has been shut down. Rejecting post to DirectoryIterator_prototype_close
JavaScript error: resource://gre/modules/osfile/osfile_async_front.jsm, line 407: Error: OS.File has been shut down. Rejecting post to DirectoryIterator_prototype_close
JavaScript error: resource://gre/modules/ProfileAge.jsm, line 197: Error: Unable to fetch oldest profile entry: Error: OS.File has been shut down. Rejecting request to DirectoryIterator_prototype_next
JavaScript error: resource://gre/modules/ProfileAge.jsm, line 197: Error: Unable to fetch oldest profile entry: Error: OS.File has been shut down. Rejecting request to DirectoryIterator_prototype_next
